<?xml version="1.0" encoding="UTF-8"?>
<!-- Generated by org.testng.reporters.JUnitXMLReporter -->
<testsuite hostname="HIBAIL55565" ignored="0" name="Command line test" tests="12" failures="2" timestamp="18 Jul 2019 19:39:47 GMT" time="345.992" errors="0">
  <testcase name="getContactsPageTitle" time="0.012" classname="com.qa.crmpro.testcases.contactsPageTest"/>
  <testcase name="selectContactsTest" time="0.244" classname="com.qa.crmpro.testcases.contactsPageTest"/>
  <testcase name="validateContactsPageHeaderNameDisplayed" time="0.117" classname="com.qa.crmpro.testcases.contactsPageTest"/>
  <testcase name="clickOnNewContactsLinkInHomePageTest" time="3.156" classname="com.qa.crmpro.testcases.homePageTest">
    <failure type="org.openqa.selenium.ElementNotInteractableException" message="Element &amp;lt;a href=&amp;quot;https://www.crmpro.com/system/index.cfm?action=contact&amp;amp;sub=load&amp;amp;edit=1&amp;quot;&amp;gt; could not be scrolled into view
Build info: version: &amp;apos;3.141.59&amp;apos;, revision: &amp;apos;e82be7d358&amp;apos;, time: &amp;apos;2018-11-14T08:17:03&amp;apos;
System info: host: &amp;apos;HIBAIL55565&amp;apos;, ip: &amp;apos;192.168.0.102&amp;apos;, os.name: &amp;apos;Windows 7&amp;apos;, os.arch: &amp;apos;amd64&amp;apos;, os.version: &amp;apos;6.1&amp;apos;, java.version: &amp;apos;1.8.0_92&amp;apos;
Driver info: org.openqa.selenium.firefox.FirefoxDriver
Capabilities {acceptInsecureCerts: true, browserName: firefox, browserVersion: 68.0, javascriptEnabled: true, moz:accessibilityChecks: false, moz:buildID: 20190705220548, moz:geckodriverVersion: 0.24.0, moz:headless: false, moz:processID: 10656, moz:profile: C:\Users\inrahmed\AppData\L..., moz:shutdownTimeout: 60000, moz:useNonSpecCompliantPointerOrigin: false, moz:webdriverClick: true, pageLoadStrategy: normal, platform: WINDOWS, platformName: WINDOWS, platformVersion: 6.1, rotatable: false, setWindowRect: true, strictFileInteractability: false, timeouts: {implicit: 0, pageLoad: 300000, script: 30000}, unhandledPromptBehavior: dismiss and notify}
Session ID: 0b4c6887-57ce-4b87-b97e-f2d1201a3b71">
      <![CDATA[org.openqa.selenium.ElementNotInteractableException: Element <a href="https://www.crmpro.com/system/index.cfm?action=contact&sub=load&edit=1"> could not be scrolled into view
Build info: version: '3.141.59', revision: 'e82be7d358', time: '2018-11-14T08:17:03'
System info: host: 'HIBAIL55565', ip: '192.168.0.102', os.name: 'Windows 7', os.arch: 'amd64', os.version: '6.1', java.version: '1.8.0_92'
Driver info: org.openqa.selenium.firefox.FirefoxDriver
Capabilities {acceptInsecureCerts: true, browserName: firefox, browserVersion: 68.0, javascriptEnabled: true, moz:accessibilityChecks: false, moz:buildID: 20190705220548, moz:geckodriverVersion: 0.24.0, moz:headless: false, moz:processID: 10656, moz:profile: C:\Users\inrahmed\AppData\L..., moz:shutdownTimeout: 60000, moz:useNonSpecCompliantPointerOrigin: false, moz:webdriverClick: true, pageLoadStrategy: normal, platform: WINDOWS, platformName: WINDOWS, platformVersion: 6.1, rotatable: false, setWindowRect: true, strictFileInteractability: false, timeouts: {implicit: 0, pageLoad: 300000, script: 30000}, unhandledPromptBehavior: dismiss and notify}
Session ID: 0b4c6887-57ce-4b87-b97e-f2d1201a3b71
at org.openqa.selenium.remote.http.W3CHttpResponseCodec.createException(W3CHttpResponseCodec.java:187)
at org.openqa.selenium.remote.http.W3CHttpResponseCodec.decode(W3CHttpResponseCodec.java:122)
at org.openqa.selenium.remote.http.W3CHttpResponseCodec.decode(W3CHttpResponseCodec.java:49)
at org.openqa.selenium.remote.HttpCommandExecutor.execute(HttpCommandExecutor.java:158)
at org.openqa.selenium.remote.service.DriverCommandExecutor.execute(DriverCommandExecutor.java:83)
at org.openqa.selenium.remote.RemoteWebDriver.execute(RemoteWebDriver.java:552)
at org.openqa.selenium.remote.RemoteWebElement.execute(RemoteWebElement.java:285)
at org.openqa.selenium.remote.RemoteWebElement.click(RemoteWebElement.java:84)
at org.openqa.selenium.support.events.EventFiringWebDriver$EventFiringWebElement.lambda$new$0(EventFiringWebDriver.java:404)
at com.sun.proxy.$Proxy11.click(Unknown Source)
at org.openqa.selenium.support.events.EventFiringWebDriver$EventFiringWebElement.click(EventFiringWebDriver.java:417)
at org.openqa.selenium.support.pagefactory.internal.LocatingElementHandler.invoke(LocatingElementHandler.java:51)
at com.sun.proxy.$Proxy10.click(Unknown Source)
at com.qa.crmpro.pages.homePage.clickOnNewContactsLink(homePage.java:72)
at com.qa.crmpro.testcases.homePageTest.clickOnNewContactsLinkInHomePageTest(homePageTest.java:69)
... Removed 47 stack frames]]>
    </failure>
  </testcase> <!-- clickOnNewContactsLinkInHomePageTest -->
  <testcase name="validateCRMPROHomePageLogoTest" time="3.742" classname="com.qa.crmpro.testcases.homePageTest"/>
  <testcase name="validateHomePageTitleTest" time="0.052" classname="com.qa.crmpro.testcases.homePageTest">
    <failure type="java.lang.AssertionError" message="Homepage title not matched expected [CRMPRO] but found [CRMPRO - CRM software for customer relationship management, sales, and support.]">
      <![CDATA[java.lang.AssertionError: Homepage title not matched expected [CRMPRO] but found [CRMPRO - CRM software for customer relationship management, sales, and support.]
at com.qa.crmpro.testcases.homePageTest.validateHomePageTitleTest(homePageTest.java:44)
... Removed 40 stack frames]]>
    </failure>
  </testcase> <!-- validateHomePageTitleTest -->
  <testcase name="verifyContactsLinkTest" time="5.223" classname="com.qa.crmpro.testcases.homePageTest"/>
  <testcase name="verifyUserNameTest" time="2.689" classname="com.qa.crmpro.testcases.homePageTest"/>
  <testcase name="loginToCRMPROApplicationTest" time="3.966" classname="com.qa.crmpro.testcases.loginPageTest"/>
  <testcase name="validateCRMPROLogoTest" time="0.188" classname="com.qa.crmpro.testcases.loginPageTest"/>
  <testcase name="validateCRMPROWebPageTitleTest" time="0.032" classname="com.qa.crmpro.testcases.loginPageTest"/>
  <testcase name="validateCreateNewContact" time="0.0" classname="com.qa.crmpro.testcases.newContactPageTest">
    <skipped/>
  </testcase> <!-- validateCreateNewContact -->
</testsuite> <!-- Command line test -->
