<?xml version="1.0" encoding="UTF-8"?>
<testng-results skipped="1" failed="2" ignored="0" total="12" passed="9">
  <reporter-output>
  </reporter-output>
  <suite name="Command line suite" duration-ms="345992" started-at="2019-07-18T19:34:01Z" finished-at="2019-07-18T19:39:47Z">
    <groups>
    </groups>
    <test name="Command line test" duration-ms="345992" started-at="2019-07-18T19:34:01Z" finished-at="2019-07-18T19:39:47Z">
      <class name="com.qa.crmpro.testcases.loginPageTest">
        <test-method status="PASS" signature="setUp()[pri:0, instance:com.qa.crmpro.testcases.loginPageTest@531be3c5]" name="setUp" is-config="true" duration-ms="15303" started-at="2019-07-18T19:38:36Z" finished-at="2019-07-18T19:38:52Z">
          <reporter-output>
          </reporter-output>
        </test-method> <!-- setUp -->
        <test-method status="PASS" signature="loginToCRMPROApplicationTest()[pri:0, instance:com.qa.crmpro.testcases.loginPageTest@531be3c5]" name="loginToCRMPROApplicationTest" duration-ms="3966" started-at="2019-07-18T19:38:52Z" finished-at="2019-07-18T19:38:56Z">
          <reporter-output>
          </reporter-output>
        </test-method> <!-- loginToCRMPROApplicationTest -->
        <test-method status="PASS" signature="tearDown()[pri:0, instance:com.qa.crmpro.testcases.loginPageTest@531be3c5]" name="tearDown" is-config="true" duration-ms="7293" started-at="2019-07-18T19:38:56Z" finished-at="2019-07-18T19:39:03Z">
          <reporter-output>
          </reporter-output>
        </test-method> <!-- tearDown -->
        <test-method status="PASS" signature="setUp()[pri:0, instance:com.qa.crmpro.testcases.loginPageTest@531be3c5]" name="setUp" is-config="true" duration-ms="14661" started-at="2019-07-18T19:39:03Z" finished-at="2019-07-18T19:39:17Z">
          <reporter-output>
          </reporter-output>
        </test-method> <!-- setUp -->
        <test-method status="PASS" signature="validateCRMPROLogoTest()[pri:0, instance:com.qa.crmpro.testcases.loginPageTest@531be3c5]" name="validateCRMPROLogoTest" duration-ms="188" started-at="2019-07-18T19:39:17Z" finished-at="2019-07-18T19:39:18Z">
          <reporter-output>
          </reporter-output>
        </test-method> <!-- validateCRMPROLogoTest -->
        <test-method status="PASS" signature="tearDown()[pri:0, instance:com.qa.crmpro.testcases.loginPageTest@531be3c5]" name="tearDown" is-config="true" duration-ms="9941" started-at="2019-07-18T19:39:18Z" finished-at="2019-07-18T19:39:28Z">
          <reporter-output>
          </reporter-output>
        </test-method> <!-- tearDown -->
        <test-method status="PASS" signature="setUp()[pri:0, instance:com.qa.crmpro.testcases.loginPageTest@531be3c5]" name="setUp" is-config="true" duration-ms="14346" started-at="2019-07-18T19:39:28Z" finished-at="2019-07-18T19:39:42Z">
          <reporter-output>
          </reporter-output>
        </test-method> <!-- setUp -->
        <test-method status="PASS" signature="validateCRMPROWebPageTitleTest()[pri:0, instance:com.qa.crmpro.testcases.loginPageTest@531be3c5]" name="validateCRMPROWebPageTitleTest" duration-ms="32" started-at="2019-07-18T19:39:42Z" finished-at="2019-07-18T19:39:42Z">
          <reporter-output>
          </reporter-output>
        </test-method> <!-- validateCRMPROWebPageTitleTest -->
        <test-method status="PASS" signature="tearDown()[pri:0, instance:com.qa.crmpro.testcases.loginPageTest@531be3c5]" name="tearDown" is-config="true" duration-ms="4978" started-at="2019-07-18T19:39:42Z" finished-at="2019-07-18T19:39:47Z">
          <reporter-output>
          </reporter-output>
        </test-method> <!-- tearDown -->
      </class> <!-- com.qa.crmpro.testcases.loginPageTest -->
      <class name="com.qa.crmpro.testcases.homePageTest">
        <test-method status="PASS" signature="setUp()[pri:0, instance:com.qa.crmpro.testcases.homePageTest@3551a94]" name="setUp" is-config="true" duration-ms="28760" started-at="2019-07-18T19:36:11Z" finished-at="2019-07-18T19:36:40Z">
          <reporter-output>
          </reporter-output>
        </test-method> <!-- setUp -->
        <test-method status="FAIL" signature="clickOnNewContactsLinkInHomePageTest()[pri:0, instance:com.qa.crmpro.testcases.homePageTest@3551a94]" name="clickOnNewContactsLinkInHomePageTest" duration-ms="3156" started-at="2019-07-18T19:36:40Z" finished-at="2019-07-18T19:36:43Z">
          <exception class="org.openqa.selenium.ElementNotInteractableException">
            <message>
              <![CDATA[Element <a href="https://www.crmpro.com/system/index.cfm?action=contact&sub=load&edit=1"> could not be scrolled into view
Build info: version: '3.141.59', revision: 'e82be7d358', time: '2018-11-14T08:17:03'
System info: host: 'HIBAIL55565', ip: '192.168.0.102', os.name: 'Windows 7', os.arch: 'amd64', os.version: '6.1', java.version: '1.8.0_92'
Driver info: org.openqa.selenium.firefox.FirefoxDriver
Capabilities {acceptInsecureCerts: true, browserName: firefox, browserVersion: 68.0, javascriptEnabled: true, moz:accessibilityChecks: false, moz:buildID: 20190705220548, moz:geckodriverVersion: 0.24.0, moz:headless: false, moz:processID: 10656, moz:profile: C:\Users\inrahmed\AppData\L..., moz:shutdownTimeout: 60000, moz:useNonSpecCompliantPointerOrigin: false, moz:webdriverClick: true, pageLoadStrategy: normal, platform: WINDOWS, platformName: WINDOWS, platformVersion: 6.1, rotatable: false, setWindowRect: true, strictFileInteractability: false, timeouts: {implicit: 0, pageLoad: 300000, script: 30000}, unhandledPromptBehavior: dismiss and notify}
Session ID: 0b4c6887-57ce-4b87-b97e-f2d1201a3b71]]>
            </message>
            <full-stacktrace>
              <![CDATA[org.openqa.selenium.ElementNotInteractableException: Element <a href="https://www.crmpro.com/system/index.cfm?action=contact&sub=load&edit=1"> could not be scrolled into view
Build info: version: '3.141.59', revision: 'e82be7d358', time: '2018-11-14T08:17:03'
System info: host: 'HIBAIL55565', ip: '192.168.0.102', os.name: 'Windows 7', os.arch: 'amd64', os.version: '6.1', java.version: '1.8.0_92'
Driver info: org.openqa.selenium.firefox.FirefoxDriver
Capabilities {acceptInsecureCerts: true, browserName: firefox, browserVersion: 68.0, javascriptEnabled: true, moz:accessibilityChecks: false, moz:buildID: 20190705220548, moz:geckodriverVersion: 0.24.0, moz:headless: false, moz:processID: 10656, moz:profile: C:\Users\inrahmed\AppData\L..., moz:shutdownTimeout: 60000, moz:useNonSpecCompliantPointerOrigin: false, moz:webdriverClick: true, pageLoadStrategy: normal, platform: WINDOWS, platformName: WINDOWS, platformVersion: 6.1, rotatable: false, setWindowRect: true, strictFileInteractability: false, timeouts: {implicit: 0, pageLoad: 300000, script: 30000}, unhandledPromptBehavior: dismiss and notify}
Session ID: 0b4c6887-57ce-4b87-b97e-f2d1201a3b71
at sun.reflect.NativeConstructorAccessorImpl.newInstance0(Native Method)
at sun.reflect.NativeConstructorAccessorImpl.newInstance(NativeConstructorAccessorImpl.java:62)
at sun.reflect.DelegatingConstructorAccessorImpl.newInstance(DelegatingConstructorAccessorImpl.java:45)
at java.lang.reflect.Constructor.newInstance(Constructor.java:423)
at org.openqa.selenium.remote.http.W3CHttpResponseCodec.createException(W3CHttpResponseCodec.java:187)
at org.openqa.selenium.remote.http.W3CHttpResponseCodec.decode(W3CHttpResponseCodec.java:122)
at org.openqa.selenium.remote.http.W3CHttpResponseCodec.decode(W3CHttpResponseCodec.java:49)
at org.openqa.selenium.remote.HttpCommandExecutor.execute(HttpCommandExecutor.java:158)
at org.openqa.selenium.remote.service.DriverCommandExecutor.execute(DriverCommandExecutor.java:83)
at org.openqa.selenium.remote.RemoteWebDriver.execute(RemoteWebDriver.java:552)
at org.openqa.selenium.remote.RemoteWebElement.execute(RemoteWebElement.java:285)
at org.openqa.selenium.remote.RemoteWebElement.click(RemoteWebElement.java:84)
at sun.reflect.NativeMethodAccessorImpl.invoke0(Native Method)
at sun.reflect.NativeMethodAccessorImpl.invoke(NativeMethodAccessorImpl.java:62)
at sun.reflect.DelegatingMethodAccessorImpl.invoke(DelegatingMethodAccessorImpl.java:43)
at java.lang.reflect.Method.invoke(Method.java:498)
at org.openqa.selenium.support.events.EventFiringWebDriver$EventFiringWebElement.lambda$new$0(EventFiringWebDriver.java:404)
at com.sun.proxy.$Proxy11.click(Unknown Source)
at org.openqa.selenium.support.events.EventFiringWebDriver$EventFiringWebElement.click(EventFiringWebDriver.java:417)
at sun.reflect.NativeMethodAccessorImpl.invoke0(Native Method)
at sun.reflect.NativeMethodAccessorImpl.invoke(NativeMethodAccessorImpl.java:62)
at sun.reflect.DelegatingMethodAccessorImpl.invoke(DelegatingMethodAccessorImpl.java:43)
at java.lang.reflect.Method.invoke(Method.java:498)
at org.openqa.selenium.support.pagefactory.internal.LocatingElementHandler.invoke(LocatingElementHandler.java:51)
at com.sun.proxy.$Proxy10.click(Unknown Source)
at com.qa.crmpro.pages.homePage.clickOnNewContactsLink(homePage.java:72)
at com.qa.crmpro.testcases.homePageTest.clickOnNewContactsLinkInHomePageTest(homePageTest.java:69)
at sun.reflect.NativeMethodAccessorImpl.invoke0(Native Method)
at sun.reflect.NativeMethodAccessorImpl.invoke(NativeMethodAccessorImpl.java:62)
at sun.reflect.DelegatingMethodAccessorImpl.invoke(DelegatingMethodAccessorImpl.java:43)
at java.lang.reflect.Method.invoke(Method.java:498)
at org.testng.internal.MethodInvocationHelper.invokeMethod(MethodInvocationHelper.java:124)
at org.testng.internal.Invoker.invokeMethod(Invoker.java:583)
at org.testng.internal.Invoker.invokeTestMethod(Invoker.java:719)
at org.testng.internal.Invoker.invokeTestMethods(Invoker.java:989)
at org.testng.internal.TestMethodWorker.invokeTestMethods(TestMethodWorker.java:125)
at org.testng.internal.TestMethodWorker.run(TestMethodWorker.java:109)
at org.testng.TestRunner.privateRun(TestRunner.java:648)
at org.testng.TestRunner.run(TestRunner.java:505)
at org.testng.SuiteRunner.runTest(SuiteRunner.java:455)
at org.testng.SuiteRunner.runSequentially(SuiteRunner.java:450)
at org.testng.SuiteRunner.privateRun(SuiteRunner.java:415)
at org.testng.SuiteRunner.run(SuiteRunner.java:364)
at org.testng.SuiteRunnerWorker.runSuite(SuiteRunnerWorker.java:52)
at org.testng.SuiteRunnerWorker.run(SuiteRunnerWorker.java:84)
at org.testng.TestNG.runSuitesSequentially(TestNG.java:1208)
at org.testng.TestNG.runSuitesLocally(TestNG.java:1137)
at org.testng.TestNG.runSuites(TestNG.java:1049)
at org.testng.TestNG.run(TestNG.java:1017)
at org.apache.maven.surefire.testng.TestNGExecutor.run(TestNGExecutor.java:77)
at org.apache.maven.surefire.testng.TestNGDirectoryTestSuite.executeMulti(TestNGDirectoryTestSuite.java:159)
at org.apache.maven.surefire.testng.TestNGDirectoryTestSuite.execute(TestNGDirectoryTestSuite.java:99)
at org.apache.maven.surefire.testng.TestNGProvider.invoke(TestNGProvider.java:106)
at sun.reflect.NativeMethodAccessorImpl.invoke0(Native Method)
at sun.reflect.NativeMethodAccessorImpl.invoke(NativeMethodAccessorImpl.java:62)
at sun.reflect.DelegatingMethodAccessorImpl.invoke(DelegatingMethodAccessorImpl.java:43)
at java.lang.reflect.Method.invoke(Method.java:498)
at org.apache.maven.surefire.util.ReflectionUtils.invokeMethodWithArray(ReflectionUtils.java:189)
at org.apache.maven.surefire.booter.ProviderFactory$ProviderProxy.invoke(ProviderFactory.java:165)
at org.apache.maven.surefire.booter.ProviderFactory.invokeProvider(ProviderFactory.java:85)
at org.apache.maven.surefire.booter.ForkedBooter.runSuitesInProcess(ForkedBooter.java:115)
at org.apache.maven.surefire.booter.ForkedBooter.main(ForkedBooter.java:75)
]]>
            </full-stacktrace>
          </exception> <!-- org.openqa.selenium.ElementNotInteractableException -->
          <reporter-output>
          </reporter-output>
        </test-method> <!-- clickOnNewContactsLinkInHomePageTest -->
        <test-method status="PASS" signature="tearDown()[pri:0, instance:com.qa.crmpro.testcases.homePageTest@3551a94]" name="tearDown" is-config="true" duration-ms="7259" started-at="2019-07-18T19:36:43Z" finished-at="2019-07-18T19:36:50Z">
          <reporter-output>
          </reporter-output>
        </test-method> <!-- tearDown -->
        <test-method status="PASS" signature="setUp()[pri:0, instance:com.qa.crmpro.testcases.homePageTest@3551a94]" name="setUp" is-config="true" duration-ms="16574" started-at="2019-07-18T19:36:50Z" finished-at="2019-07-18T19:37:07Z">
          <reporter-output>
          </reporter-output>
        </test-method> <!-- setUp -->
        <test-method status="PASS" signature="validateCRMPROHomePageLogoTest()[pri:0, instance:com.qa.crmpro.testcases.homePageTest@3551a94]" name="validateCRMPROHomePageLogoTest" duration-ms="3742" started-at="2019-07-18T19:37:07Z" finished-at="2019-07-18T19:37:11Z">
          <reporter-output>
          </reporter-output>
        </test-method> <!-- validateCRMPROHomePageLogoTest -->
        <test-method status="PASS" signature="tearDown()[pri:0, instance:com.qa.crmpro.testcases.homePageTest@3551a94]" name="tearDown" is-config="true" duration-ms="7309" started-at="2019-07-18T19:37:11Z" finished-at="2019-07-18T19:37:18Z">
          <reporter-output>
          </reporter-output>
        </test-method> <!-- tearDown -->
        <test-method status="PASS" signature="setUp()[pri:0, instance:com.qa.crmpro.testcases.homePageTest@3551a94]" name="setUp" is-config="true" duration-ms="16221" started-at="2019-07-18T19:37:18Z" finished-at="2019-07-18T19:37:34Z">
          <reporter-output>
          </reporter-output>
        </test-method> <!-- setUp -->
        <test-method status="FAIL" signature="validateHomePageTitleTest()[pri:0, instance:com.qa.crmpro.testcases.homePageTest@3551a94]" name="validateHomePageTitleTest" duration-ms="52" started-at="2019-07-18T19:37:34Z" finished-at="2019-07-18T19:37:34Z">
          <exception class="java.lang.AssertionError">
            <message>
              <![CDATA[Homepage title not matched expected [CRMPRO] but found [CRMPRO - CRM software for customer relationship management, sales, and support.]]]>
            </message>
            <full-stacktrace>
              <![CDATA[java.lang.AssertionError: Homepage title not matched expected [CRMPRO] but found [CRMPRO - CRM software for customer relationship management, sales, and support.]
at org.testng.Assert.fail(Assert.java:96)
at org.testng.Assert.failNotEquals(Assert.java:776)
at org.testng.Assert.assertEqualsImpl(Assert.java:137)
at org.testng.Assert.assertEquals(Assert.java:118)
at org.testng.Assert.assertEquals(Assert.java:453)
at com.qa.crmpro.testcases.homePageTest.validateHomePageTitleTest(homePageTest.java:44)
at sun.reflect.NativeMethodAccessorImpl.invoke0(Native Method)
at sun.reflect.NativeMethodAccessorImpl.invoke(NativeMethodAccessorImpl.java:62)
at sun.reflect.DelegatingMethodAccessorImpl.invoke(DelegatingMethodAccessorImpl.java:43)
at java.lang.reflect.Method.invoke(Method.java:498)
at org.testng.internal.MethodInvocationHelper.invokeMethod(MethodInvocationHelper.java:124)
at org.testng.internal.Invoker.invokeMethod(Invoker.java:583)
at org.testng.internal.Invoker.invokeTestMethod(Invoker.java:719)
at org.testng.internal.Invoker.invokeTestMethods(Invoker.java:989)
at org.testng.internal.TestMethodWorker.invokeTestMethods(TestMethodWorker.java:125)
at org.testng.internal.TestMethodWorker.run(TestMethodWorker.java:109)
at org.testng.TestRunner.privateRun(TestRunner.java:648)
at org.testng.TestRunner.run(TestRunner.java:505)
at org.testng.SuiteRunner.runTest(SuiteRunner.java:455)
at org.testng.SuiteRunner.runSequentially(SuiteRunner.java:450)
at org.testng.SuiteRunner.privateRun(SuiteRunner.java:415)
at org.testng.SuiteRunner.run(SuiteRunner.java:364)
at org.testng.SuiteRunnerWorker.runSuite(SuiteRunnerWorker.java:52)
at org.testng.SuiteRunnerWorker.run(SuiteRunnerWorker.java:84)
at org.testng.TestNG.runSuitesSequentially(TestNG.java:1208)
at org.testng.TestNG.runSuitesLocally(TestNG.java:1137)
at org.testng.TestNG.runSuites(TestNG.java:1049)
at org.testng.TestNG.run(TestNG.java:1017)
at org.apache.maven.surefire.testng.TestNGExecutor.run(TestNGExecutor.java:77)
at org.apache.maven.surefire.testng.TestNGDirectoryTestSuite.executeMulti(TestNGDirectoryTestSuite.java:159)
at org.apache.maven.surefire.testng.TestNGDirectoryTestSuite.execute(TestNGDirectoryTestSuite.java:99)
at org.apache.maven.surefire.testng.TestNGProvider.invoke(TestNGProvider.java:106)
at sun.reflect.NativeMethodAccessorImpl.invoke0(Native Method)
at sun.reflect.NativeMethodAccessorImpl.invoke(NativeMethodAccessorImpl.java:62)
at sun.reflect.DelegatingMethodAccessorImpl.invoke(DelegatingMethodAccessorImpl.java:43)
at java.lang.reflect.Method.invoke(Method.java:498)
at org.apache.maven.surefire.util.ReflectionUtils.invokeMethodWithArray(ReflectionUtils.java:189)
at org.apache.maven.surefire.booter.ProviderFactory$ProviderProxy.invoke(ProviderFactory.java:165)
at org.apache.maven.surefire.booter.ProviderFactory.invokeProvider(ProviderFactory.java:85)
at org.apache.maven.surefire.booter.ForkedBooter.runSuitesInProcess(ForkedBooter.java:115)
at org.apache.maven.surefire.booter.ForkedBooter.main(ForkedBooter.java:75)
]]>
            </full-stacktrace>
          </exception> <!-- java.lang.AssertionError -->
          <reporter-output>
          </reporter-output>
        </test-method> <!-- validateHomePageTitleTest -->
        <test-method status="PASS" signature="tearDown()[pri:0, instance:com.qa.crmpro.testcases.homePageTest@3551a94]" name="tearDown" is-config="true" duration-ms="6770" started-at="2019-07-18T19:37:34Z" finished-at="2019-07-18T19:37:41Z">
          <reporter-output>
          </reporter-output>
        </test-method> <!-- tearDown -->
        <test-method status="PASS" signature="setUp()[pri:0, instance:com.qa.crmpro.testcases.homePageTest@3551a94]" name="setUp" is-config="true" duration-ms="17088" started-at="2019-07-18T19:37:41Z" finished-at="2019-07-18T19:37:58Z">
          <reporter-output>
          </reporter-output>
        </test-method> <!-- setUp -->
        <test-method status="PASS" signature="verifyContactsLinkTest()[pri:0, instance:com.qa.crmpro.testcases.homePageTest@3551a94]" name="verifyContactsLinkTest" duration-ms="5223" started-at="2019-07-18T19:37:58Z" finished-at="2019-07-18T19:38:03Z">
          <reporter-output>
          </reporter-output>
        </test-method> <!-- verifyContactsLinkTest -->
        <test-method status="PASS" signature="tearDown()[pri:0, instance:com.qa.crmpro.testcases.homePageTest@3551a94]" name="tearDown" is-config="true" duration-ms="6509" started-at="2019-07-18T19:38:03Z" finished-at="2019-07-18T19:38:10Z">
          <reporter-output>
          </reporter-output>
        </test-method> <!-- tearDown -->
        <test-method status="PASS" signature="setUp()[pri:0, instance:com.qa.crmpro.testcases.homePageTest@3551a94]" name="setUp" is-config="true" duration-ms="16630" started-at="2019-07-18T19:38:10Z" finished-at="2019-07-18T19:38:26Z">
          <reporter-output>
          </reporter-output>
        </test-method> <!-- setUp -->
        <test-method status="PASS" signature="verifyUserNameTest()[pri:0, instance:com.qa.crmpro.testcases.homePageTest@3551a94]" name="verifyUserNameTest" duration-ms="2689" started-at="2019-07-18T19:38:26Z" finished-at="2019-07-18T19:38:29Z">
          <reporter-output>
          </reporter-output>
        </test-method> <!-- verifyUserNameTest -->
        <test-method status="PASS" signature="tearDown()[pri:0, instance:com.qa.crmpro.testcases.homePageTest@3551a94]" name="tearDown" is-config="true" duration-ms="7244" started-at="2019-07-18T19:38:29Z" finished-at="2019-07-18T19:38:36Z">
          <reporter-output>
          </reporter-output>
        </test-method> <!-- tearDown -->
      </class> <!-- com.qa.crmpro.testcases.homePageTest -->
      <class name="com.qa.crmpro.testcases.contactsPageTest">
        <test-method status="PASS" signature="setUp()[pri:0, instance:com.qa.crmpro.testcases.contactsPageTest@5a61f5df]" name="setUp" is-config="true" duration-ms="41515" started-at="2019-07-18T19:34:01Z" finished-at="2019-07-18T19:34:43Z">
          <reporter-output>
          </reporter-output>
        </test-method> <!-- setUp -->
        <test-method status="PASS" signature="getContactsPageTitle()[pri:0, instance:com.qa.crmpro.testcases.contactsPageTest@5a61f5df]" name="getContactsPageTitle" duration-ms="12" started-at="2019-07-18T19:34:43Z" finished-at="2019-07-18T19:34:43Z">
          <reporter-output>
          </reporter-output>
        </test-method> <!-- getContactsPageTitle -->
        <test-method status="PASS" signature="tearDown()[pri:0, instance:com.qa.crmpro.testcases.contactsPageTest@5a61f5df]" name="tearDown" is-config="true" duration-ms="7290" started-at="2019-07-18T19:34:43Z" finished-at="2019-07-18T19:34:50Z">
          <reporter-output>
          </reporter-output>
        </test-method> <!-- tearDown -->
        <test-method status="PASS" signature="setUp()[pri:0, instance:com.qa.crmpro.testcases.contactsPageTest@5a61f5df]" name="setUp" is-config="true" duration-ms="23211" started-at="2019-07-18T19:34:50Z" finished-at="2019-07-18T19:35:13Z">
          <reporter-output>
          </reporter-output>
        </test-method> <!-- setUp -->
        <test-method status="PASS" signature="selectContactsTest()[pri:0, instance:com.qa.crmpro.testcases.contactsPageTest@5a61f5df]" name="selectContactsTest" duration-ms="244" started-at="2019-07-18T19:35:13Z" finished-at="2019-07-18T19:35:13Z">
          <reporter-output>
          </reporter-output>
        </test-method> <!-- selectContactsTest -->
        <test-method status="PASS" signature="tearDown()[pri:0, instance:com.qa.crmpro.testcases.contactsPageTest@5a61f5df]" name="tearDown" is-config="true" duration-ms="5538" started-at="2019-07-18T19:35:13Z" finished-at="2019-07-18T19:35:19Z">
          <reporter-output>
          </reporter-output>
        </test-method> <!-- tearDown -->
        <test-method status="PASS" signature="setUp()[pri:0, instance:com.qa.crmpro.testcases.contactsPageTest@5a61f5df]" name="setUp" is-config="true" duration-ms="45248" started-at="2019-07-18T19:35:19Z" finished-at="2019-07-18T19:36:04Z">
          <reporter-output>
          </reporter-output>
        </test-method> <!-- setUp -->
        <test-method status="PASS" signature="validateContactsPageHeaderNameDisplayed()[pri:0, instance:com.qa.crmpro.testcases.contactsPageTest@5a61f5df]" name="validateContactsPageHeaderNameDisplayed" duration-ms="117" started-at="2019-07-18T19:36:04Z" finished-at="2019-07-18T19:36:04Z">
          <reporter-output>
          </reporter-output>
        </test-method> <!-- validateContactsPageHeaderNameDisplayed -->
        <test-method status="PASS" signature="tearDown()[pri:0, instance:com.qa.crmpro.testcases.contactsPageTest@5a61f5df]" name="tearDown" is-config="true" duration-ms="6799" started-at="2019-07-18T19:36:04Z" finished-at="2019-07-18T19:36:11Z">
          <reporter-output>
          </reporter-output>
        </test-method> <!-- tearDown -->
      </class> <!-- com.qa.crmpro.testcases.contactsPageTest -->
      <class name="com.qa.crmpro.testcases.newContactPageTest">
        <test-method status="SKIP" signature="validateCreateNewContact(java.lang.String, java.lang.String, java.lang.String, java.lang.String)[pri:0, instance:com.qa.crmpro.testcases.newContactPageTest@52af6cff]" name="validateCreateNewContact" duration-ms="0" started-at="2019-07-18T19:39:47Z" data-provider="getCRMContactDetailsTestData" finished-at="2019-07-18T19:39:47Z">
          <exception class="java.lang.RuntimeException">
            <message>
              <![CDATA[java.lang.NullPointerException]]>
            </message>
            <full-stacktrace>
              <![CDATA[java.lang.RuntimeException: java.lang.NullPointerException
at org.testng.internal.MethodInvocationHelper.invokeMethodNoCheckedException(MethodInvocationHelper.java:49)
at org.testng.internal.MethodInvocationHelper.invokeDataProvider(MethodInvocationHelper.java:131)
at org.testng.internal.Parameters.handleParameters(Parameters.java:706)
at org.testng.internal.ParameterHandler.handleParameters(ParameterHandler.java:49)
at org.testng.internal.ParameterHandler.createParameters(ParameterHandler.java:37)
at org.testng.internal.Invoker.invokeTestMethods(Invoker.java:924)
at org.testng.internal.TestMethodWorker.invokeTestMethods(TestMethodWorker.java:125)
at org.testng.internal.TestMethodWorker.run(TestMethodWorker.java:109)
at org.testng.TestRunner.privateRun(TestRunner.java:648)
at org.testng.TestRunner.run(TestRunner.java:505)
at org.testng.SuiteRunner.runTest(SuiteRunner.java:455)
at org.testng.SuiteRunner.runSequentially(SuiteRunner.java:450)
at org.testng.SuiteRunner.privateRun(SuiteRunner.java:415)
at org.testng.SuiteRunner.run(SuiteRunner.java:364)
at org.testng.SuiteRunnerWorker.runSuite(SuiteRunnerWorker.java:52)
at org.testng.SuiteRunnerWorker.run(SuiteRunnerWorker.java:84)
at org.testng.TestNG.runSuitesSequentially(TestNG.java:1208)
at org.testng.TestNG.runSuitesLocally(TestNG.java:1137)
at org.testng.TestNG.runSuites(TestNG.java:1049)
at org.testng.TestNG.run(TestNG.java:1017)
at org.apache.maven.surefire.testng.TestNGExecutor.run(TestNGExecutor.java:77)
at org.apache.maven.surefire.testng.TestNGDirectoryTestSuite.executeMulti(TestNGDirectoryTestSuite.java:159)
at org.apache.maven.surefire.testng.TestNGDirectoryTestSuite.execute(TestNGDirectoryTestSuite.java:99)
at org.apache.maven.surefire.testng.TestNGProvider.invoke(TestNGProvider.java:106)
at sun.reflect.NativeMethodAccessorImpl.invoke0(Native Method)
at sun.reflect.NativeMethodAccessorImpl.invoke(NativeMethodAccessorImpl.java:62)
at sun.reflect.DelegatingMethodAccessorImpl.invoke(DelegatingMethodAccessorImpl.java:43)
at java.lang.reflect.Method.invoke(Method.java:498)
at org.apache.maven.surefire.util.ReflectionUtils.invokeMethodWithArray(ReflectionUtils.java:189)
at org.apache.maven.surefire.booter.ProviderFactory$ProviderProxy.invoke(ProviderFactory.java:165)
at org.apache.maven.surefire.booter.ProviderFactory.invokeProvider(ProviderFactory.java:85)
at org.apache.maven.surefire.booter.ForkedBooter.runSuitesInProcess(ForkedBooter.java:115)
at org.apache.maven.surefire.booter.ForkedBooter.main(ForkedBooter.java:75)
Caused by: java.lang.NullPointerException
at com.qa.crmpro.testcases.newContactPageTest.getCRMContactDetailsTestData(newContactPageTest.java:64)
at sun.reflect.NativeMethodAccessorImpl.invoke0(Native Method)
at sun.reflect.NativeMethodAccessorImpl.invoke(NativeMethodAccessorImpl.java:62)
at sun.reflect.DelegatingMethodAccessorImpl.invoke(DelegatingMethodAccessorImpl.java:43)
at java.lang.reflect.Method.invoke(Method.java:498)
at org.testng.internal.MethodInvocationHelper.invokeMethod(MethodInvocationHelper.java:124)
at org.testng.internal.MethodInvocationHelper.invokeMethod(MethodInvocationHelper.java:74)
at org.testng.internal.MethodInvocationHelper.invokeMethodNoCheckedException(MethodInvocationHelper.java:45)
... 32 more
]]>
            </full-stacktrace>
          </exception> <!-- java.lang.RuntimeException -->
          <reporter-output>
          </reporter-output>
        </test-method> <!-- validateCreateNewContact -->
      </class> <!-- com.qa.crmpro.testcases.newContactPageTest -->
    </test> <!-- Command line test -->
  </suite> <!-- Command line suite -->
</testng-results>
